<?xml version="1.0" encoding="UTF-8"?>
<testng-results ignored="0" total="1" passed="1" failed="0" skipped="0">
  <reporter-output>
  </reporter-output>
  <suite started-at="2025-07-19T10:25:01 EET" name="Default suite" finished-at="2025-07-19T10:25:04 EET" duration-ms="3188">
    <groups>
    </groups>
    <test started-at="2025-07-19T10:25:01 EET" name="Default test" finished-at="2025-07-19T10:25:04 EET" duration-ms="3188">
      <class name="LoginPage.MyTestCases">
        <test-method is-config="true" signature="mySetup()[pri:0, instance:LoginPage.MyTestCases@753432a2]" started-at="2025-07-19T10:25:01 EET" name="mySetup" finished-at="2025-07-19T10:25:04 EET" duration-ms="2393" status="PASS">
          <reporter-output>
          </reporter-output>
        </test-method> <!-- mySetup -->
        <test-method signature="SignUp()[pri:1, instance:LoginPage.MyTestCases@753432a2]" started-at="2025-07-19T10:25:04 EET" name="SignUp" finished-at="2025-07-19T10:25:04 EET" duration-ms="756" status="PASS">
          <reporter-output>
          </reporter-output>
        </test-method> <!-- SignUp -->
      </class> <!-- LoginPage.MyTestCases -->
    </test> <!-- Default test -->
  </suite> <!-- Default suite -->
</testng-results>
